<?xml version="1.0" encoding="UTF-8"?>
<testsuite xmlns:xsi="http://www.w3.org/2001/XMLSchema-instance" xsi:noNamespaceSchemaLocation="https://maven.apache.org/surefire/maven-surefire-plugin/xsd/surefire-test-report.xsd" version="3.0.2" name="TestSuite" time="216.718" tests="3" errors="0" skipped="0" failures="1">
  <properties>
[...]
</properties>
  <testcase name="createNewTestCase" classname="tests.front.TestCaseTest" time="207.984">
    <failure message="1 expectation failed.&#10;Expected status code &lt;200&gt; but was &lt;404&gt;.&#10;" type="java.lang.AssertionError"><![CDATA[java.lang.AssertionError: 
1 expectation failed.
Expected status code <200> but was <404>.

	at java.base/jdk.internal.reflect.NativeConstructorAccessorImpl.newInstance0(Native Method)
	at java.base/jdk.internal.reflect.NativeConstructorAccessorImpl.newInstance(NativeConstructorAccessorImpl.java:77)
	at java.base/jdk.internal.reflect.DelegatingConstructorAccessorImpl.newInstance(DelegatingConstructorAccessorImpl.java:45)
	at java.base/java.lang.reflect.Constructor.newInstanceWithCaller(Constructor.java:499)
	at java.base/java.lang.reflect.Constructor.newInstance(Constructor.java:480)
	at org.codehaus.groovy.reflection.CachedConstructor.invoke(CachedConstructor.java:73)
	at org.codehaus.groovy.runtime.callsite.ConstructorSite$ConstructorSiteNoUnwrapNoCoerce.callConstructor(ConstructorSite.java:108)
	at org.codehaus.groovy.runtime.callsite.CallSiteArray.defaultCallConstructor(CallSiteArray.java:57)
	at org.codehaus.groovy.runtime.callsite.AbstractCallSite.callConstructor(AbstractCallSite.java:263)
	at org.codehaus.groovy.runtime.callsite.AbstractCallSite.callConstructor(AbstractCallSite.java:277)
	at io.restassured.internal.ResponseSpecificationImpl$HamcrestAssertionClosure.validate(ResponseSpecificationImpl.groovy:512)
	at io.restassured.internal.ResponseSpecificationImpl$HamcrestAssertionClosure$validate$1.call(Unknown Source)
	at org.codehaus.groovy.runtime.callsite.CallSiteArray.defaultCall(CallSiteArray.java:45)
	at org.codehaus.groovy.runtime.callsite.AbstractCallSite.call(AbstractCallSite.java:125)
	at org.codehaus.groovy.runtime.callsite.AbstractCallSite.call(AbstractCallSite.java:139)
	at io.restassured.internal.ResponseSpecificationImpl.validateResponseIfRequired(ResponseSpecificationImpl.groovy:696)
	at io.restassured.internal.ResponseSpecificationImpl.this$2$validateResponseIfRequired(ResponseSpecificationImpl.groovy)
	at java.base/jdk.internal.reflect.NativeMethodAccessorImpl.invoke0(Native Method)
	at java.base/jdk.internal.reflect.NativeMethodAccessorImpl.invoke(NativeMethodAccessorImpl.java:77)
	at java.base/jdk.internal.reflect.DelegatingMethodAccessorImpl.invoke(DelegatingMethodAccessorImpl.java:43)
	at java.base/java.lang.reflect.Method.invoke(Method.java:568)
	at org.codehaus.groovy.runtime.callsite.PlainObjectMetaMethodSite.doInvoke(PlainObjectMetaMethodSite.java:43)
	at org.codehaus.groovy.runtime.callsite.PogoMetaMethodSite$PogoCachedMethodSiteNoUnwrapNoCoerce.invoke(PogoMetaMethodSite.java:198)
	at org.codehaus.groovy.runtime.callsite.PogoMetaMethodSite.callCurrent(PogoMetaMethodSite.java:62)
	at org.codehaus.groovy.runtime.callsite.CallSiteArray.defaultCallCurrent(CallSiteArray.java:49)
	at org.codehaus.groovy.runtime.callsite.AbstractCallSite.callCurrent(AbstractCallSite.java:171)
	at org.codehaus.groovy.runtime.callsite.AbstractCallSite.callCurrent(AbstractCallSite.java:185)
	at io.restassured.internal.ResponseSpecificationImpl.statusCode(ResponseSpecificationImpl.groovy:135)
	at io.restassured.specification.ResponseSpecification$statusCode$0.callCurrent(Unknown Source)
	at org.codehaus.groovy.runtime.callsite.CallSiteArray.defaultCallCurrent(CallSiteArray.java:49)
	at org.codehaus.groovy.runtime.callsite.AbstractCallSite.callCurrent(AbstractCallSite.java:171)
	at org.codehaus.groovy.runtime.callsite.AbstractCallSite.callCurrent(AbstractCallSite.java:185)
	at io.restassured.internal.ResponseSpecificationImpl.statusCode(ResponseSpecificationImpl.groovy:143)
	at io.restassured.internal.ValidatableResponseOptionsImpl.statusCode(ValidatableResponseOptionsImpl.java:89)
	at tests.api.adapters.ProjectApi.deleteProject(ProjectApi.java:48)
	at tests.front.TestCaseTest.createNewTestCase(TestCaseTest.java:36)
	at java.base/jdk.internal.reflect.NativeMethodAccessorImpl.invoke0(Native Method)
	at java.base/jdk.internal.reflect.NativeMethodAccessorImpl.invoke(NativeMethodAccessorImpl.java:77)
	at java.base/jdk.internal.reflect.DelegatingMethodAccessorImpl.invoke(DelegatingMethodAccessorImpl.java:43)
	at java.base/java.lang.reflect.Method.invoke(Method.java:568)
	at org.testng.internal.invokers.MethodInvocationHelper.invokeMethod(MethodInvocationHelper.java:141)
	at org.testng.internal.invokers.TestInvoker.invokeMethod(TestInvoker.java:686)
	at org.testng.internal.invokers.TestInvoker.invokeTestMethod(TestInvoker.java:230)
	at org.testng.internal.invokers.MethodRunner.runInSequence(MethodRunner.java:63)
	at org.testng.internal.invokers.TestInvoker$MethodInvocationAgent.invoke(TestInvoker.java:992)
	at org.testng.internal.invokers.TestInvoker.invokeTestMethods(TestInvoker.java:203)
	at org.testng.internal.invokers.TestMethodWorker.invokeTestMethods(TestMethodWorker.java:154)
	at org.testng.internal.invokers.TestMethodWorker.run(TestMethodWorker.java:134)
	at java.base/java.util.concurrent.Executors$RunnableAdapter.call(Executors.java:539)
	at java.base/java.util.concurrent.FutureTask.run(FutureTask.java:264)
	at org.testng.internal.thread.graph.TestNGFutureTask.run(TestNGFutureTask.java:22)
	at java.base/java.util.concurrent.ThreadPoolExecutor.runWorker(ThreadPoolExecutor.java:1136)
	at java.base/java.util.concurrent.ThreadPoolExecutor$Worker.run(ThreadPoolExecutor.java:635)
	at java.base/java.lang.Thread.run(Thread.java:833)
]]></failure>
    <system-out><![CDATA[2025-01-22T16:30:12.864944Z TestNG-test-test 1-1 INFO Starting configuration YamlConfiguration[location=/Users/rustamsafikov/IdeaProjects/QaseRSH/target/test-classes/log4j2-test.yaml]...
2025-01-22T16:30:12.870349Z TestNG-test-test 1-1 INFO Start watching for changes to /Users/rustamsafikov/IdeaProjects/QaseRSH/target/test-classes/log4j2-test.yaml every 0 seconds
2025-01-22T16:30:12.870628Z TestNG-test-test 1-1 INFO Configuration YamlConfiguration[location=/Users/rustamsafikov/IdeaProjects/QaseRSH/target/test-classes/log4j2-test.yaml] started.
2025-01-22T16:30:12.873521Z TestNG-test-test 1-1 INFO Stopping configuration org.apache.logging.log4j.core.config.DefaultConfiguration@5911d25d...
2025-01-22T16:30:12.873831Z TestNG-test-test 1-1 INFO Configuration org.apache.logging.log4j.core.config.DefaultConfiguration@5911d25d stopped.
======================================== STARTING TEST createNewTestCase ========================================
2025-01-22 20:30:13.333 INFO [TestNG-test-test 1-1] [steps.CreateNewProjectStep] - Starting the process of creating a new project: TestProject
2025-01-22 20:30:13.346 INFO [TestNG-test-test 1-1] [steps.CreateNewProjectStep] - Opening projects page...
2025-01-22 20:30:13.346 INFO [TestNG-test-test 1-1] [pages.ProjectsPage] - Open base page
2025-01-22 20:31:12.144 INFO [TestNG-test-test 1-1] [steps.CreateNewProjectStep] - Logging into the application...
2025-01-22 20:31:12.146 INFO [TestNG-test-test 1-1] [pages.LoginPage] - Enter password and username
2025-01-22 20:31:53.266 INFO [TestNG-test-test 1-1] [steps.CreateNewProjectStep] - Creating a new project with the provided details.
2025-01-22 20:31:53.268 INFO [TestNG-test-test 1-1] [pages.ProjectsPage] - Create new project
2025-01-22 20:33:36.734 INFO [TestNG-test-test 1-1] [tests.api.adapters.ProjectApi] - Send API request for deleting new project
Request method:	DELETE
Request URI:	https://api.qase.io/v1/project/TP123
Proxy:			<none>
Request params:	<none>
Query params:	<none>
Form params:	<none>
Path params:	<none>
Headers:		Token=2d19f481ff84a5fd929915d144d43419a7a7561cc7caa0993451e7439fdac0b7
				Accept=*/*
				Content-Type=application/json
Cookies:		<none>
Multiparts:		<none>
Body:			<none>
HTTP/1.1 404 Not Found
Date: Wed, 22 Jan 2025 16:33:40 GMT
Content-Type: application/json
Transfer-Encoding: chunked
Connection: keep-alive
Cache-Control: no-cache, private
X-RateLimit-Limit: 1500
X-RateLimit-Remaining: 1499
Strict-Transport-Security: max-age=31536000; includeSubDomains

{
    "status": false,
    "errorMessage": "Project not found"
}
]]></system-out>
    <system-err><![CDATA[SLF4J(W): No SLF4J providers were found.
SLF4J(W): Defaulting to no-operation (NOP) logger implementation
SLF4J(W): See https://www.slf4j.org/codes.html#noProviders for further details.
SLF4J(W): Class path contains SLF4J bindings targeting slf4j-api versions 1.7.x or earlier.
SLF4J(W): Ignoring binding found at [jar:file:/Users/rustamsafikov/.m2/repository/org/apache/logging/log4j/log4j-slf4j-impl/2.20.0/log4j-slf4j-impl-2.20.0.jar!/org/slf4j/impl/StaticLoggerBinder.class]
SLF4J(W): See https://www.slf4j.org/codes.html#ignoredBindings for an explanation.
]]></system-err>
  </testcase>
  <testcase name="testCreateProject" classname="tests.api.tests.ProjectApiTest" time="1.803">
    <system-out><![CDATA[======================================== FAILED TEST createNewTestCase Duration: 207s ========================================
2025-01-22 20:33:41.675 INFO [TestNG-test-test 2-1] [tests.api.adapters.ProjectApi] - Send API request for creating new project
Request method:	POST
Request URI:	https://api.qase.io/v1/project
Proxy:			<none>
Request params:	<none>
Query params:	<none>
Form params:	<none>
Path params:	<none>
Headers:		Token=2d19f481ff84a5fd929915d144d43419a7a7561cc7caa0993451e7439fdac0b7
				Accept=*/*
				Content-Type=application/json
Cookies:		<none>
Multiparts:		<none>
Body:
{
    "title": "TestProject",
    "code": "QA",
    "description": "This is a test project.",
    "access": "all"
}
HTTP/1.1 200 OK
Date: Wed, 22 Jan 2025 16:33:43 GMT
Content-Type: application/json
Transfer-Encoding: chunked
Connection: keep-alive
Cache-Control: no-cache, private
Strict-Transport-Security: max-age=31536000; includeSubDomains

{
    "status": true,
    "result": {
        "code": "QA"
    }
}
]]></system-out>
  </testcase>
  <testcase name="testDeleteProject" classname="tests.api.tests.ProjectApiTest" time="1.158">
    <system-out><![CDATA[2025-01-22 20:33:43.479 INFO [TestNG-test-test 2-1] [tests.api.adapters.ProjectApi] - Send API request for deleting new project
Request method:	DELETE
Request URI:	https://api.qase.io/v1/project/QA
Proxy:			<none>
Request params:	<none>
Query params:	<none>
Form params:	<none>
Path params:	<none>
Headers:		Token=2d19f481ff84a5fd929915d144d43419a7a7561cc7caa0993451e7439fdac0b7
				Accept=*/*
				Content-Type=application/json
Cookies:		<none>
Multiparts:		<none>
Body:			<none>
HTTP/1.1 200 OK
Date: Wed, 22 Jan 2025 16:33:44 GMT
Content-Type: application/json
Transfer-Encoding: chunked
Connection: keep-alive
Cache-Control: no-cache, private
Strict-Transport-Security: max-age=31536000; includeSubDomains

{
    "status": true
}
]]></system-out>
  </testcase>
</testsuite>